<?xml version="1.0" encoding="UTF-8"?>
<!-- Generated by org.testng.reporters.JUnitXMLReporter -->
<testsuite ignored="0" hostname="DESKTOP-59FMM7T" failures="0" tests="4" name="Default test" time="0.057" errors="0" timestamp="2022-12-03T16:45:59 IST">
  <testcase classname="vtiger.Practise2.Testcase3" name="tc3" time="0.011"/>
  <testcase classname="vtiger.Practise2.Testcase2" name="tc1" time="0.002"/>
  <testcase classname="vtiger.Practise2.Testcase4" name="tc4" time="0.001"/>
  <testcase classname="vtiger.Practise2.Testcase1" name="tc1" time="0.001"/>
</testsuite> <!-- Default test -->
