<?xml version="1.0" encoding="UTF-8"?>
<testng-results ignored="0" total="4" passed="4" failed="0" skipped="0">
  <reporter-output>
    <line>
      <![CDATA[Hello Java]]>
    </line>
    <line>
      <![CDATA[Hello Appium]]>
    </line>
    <line>
      <![CDATA[Hello API]]>
    </line>
    <line>
      <![CDATA[Hello Selenium]]>
    </line>
  </reporter-output>
  <suite started-at="2022-12-03T16:45:59 IST" name="Default suite" finished-at="2022-12-03T16:45:59 IST" duration-ms="57">
    <groups>
    </groups>
    <test started-at="2022-12-03T16:45:59 IST" name="Default test" finished-at="2022-12-03T16:45:59 IST" duration-ms="57">
      <class name="vtiger.Practise2.Testcase3">
        <test-method signature="tc3()[pri:0, instance:vtiger.Practise2.Testcase3@7ea9e1e2]" started-at="2022-12-03T16:45:59 IST" name="tc3" finished-at="2022-12-03T16:45:59 IST" duration-ms="11" status="PASS">
          <reporter-output>
            <line>
              <![CDATA[Hello Java]]>
            </line>
          </reporter-output>
        </test-method> <!-- tc3 -->
      </class> <!-- vtiger.Practise2.Testcase3 -->
      <class name="vtiger.Practise2.Testcase2">
        <test-method signature="tc1()[pri:0, instance:vtiger.Practise2.Testcase2@5403f35f]" started-at="2022-12-03T16:45:59 IST" name="tc1" finished-at="2022-12-03T16:45:59 IST" duration-ms="2" status="PASS">
          <reporter-output>
            <line>
              <![CDATA[Hello Appium]]>
            </line>
          </reporter-output>
        </test-method> <!-- tc1 -->
      </class> <!-- vtiger.Practise2.Testcase2 -->
      <class name="vtiger.Practise2.Testcase4">
        <test-method signature="tc4()[pri:0, instance:vtiger.Practise2.Testcase4@483f6d77]" started-at="2022-12-03T16:45:59 IST" name="tc4" finished-at="2022-12-03T16:45:59 IST" duration-ms="1" status="PASS">
          <reporter-output>
            <line>
              <![CDATA[Hello API]]>
            </line>
          </reporter-output>
        </test-method> <!-- tc4 -->
      </class> <!-- vtiger.Practise2.Testcase4 -->
      <class name="vtiger.Practise2.Testcase1">
        <test-method signature="tc1()[pri:0, instance:vtiger.Practise2.Testcase1@7e5afaa6]" started-at="2022-12-03T16:45:59 IST" name="tc1" finished-at="2022-12-03T16:45:59 IST" duration-ms="1" status="PASS">
          <reporter-output>
            <line>
              <![CDATA[Hello Selenium]]>
            </line>
          </reporter-output>
        </test-method> <!-- tc1 -->
      </class> <!-- vtiger.Practise2.Testcase1 -->
    </test> <!-- Default test -->
  </suite> <!-- Default suite -->
</testng-results>
